
Could not find conda environment: augur
You can list all discoverable environments with `conda info --envs`.

Could not find conda environment: augur
You can list all discoverable environments with `conda info --envs`.

Server     Description       Log                   Monitoring                   PID                        
------------------------------------------------------------------------------------------                 
Frontend   Brunch            logs/frontend.log     make monitor-backend         12163 
Backend    Augur/Gunicorn    logs/backend.log      make monitor-frontend        12140 

Monitor both:  make monitor  
Restart and monitor: make dev
Restart servers:  make dev-start 
Stop servers:  make dev-stop 

Could not find conda environment: augur
You can list all discoverable environments with `conda info --envs`.

Could not find conda environment: augur
You can list all discoverable environments with `conda info --envs`.

Server     Description       Log                   Monitoring                   PID                        
------------------------------------------------------------------------------------------                 
Frontend   Brunch            logs/frontend.log     make monitor-backend         28393 
Backend    Augur/Gunicorn    logs/backend.log      make monitor-frontend        28370 

Monitor both:  make monitor  
Restart and monitor: make dev
Restart servers:  make dev-start 
Stop servers:  make dev-stop 

Could not find conda environment: augur
You can list all discoverable environments with `conda info --envs`.

Could not find conda environment: augur
You can list all discoverable environments with `conda info --envs`.

Server     Description       Log                   Monitoring                   PID                        
------------------------------------------------------------------------------------------                 
Frontend   Brunch            logs/frontend.log     make monitor-backend         5540 
Backend    Augur/Gunicorn    logs/backend.log      make monitor-frontend        5517 

Monitor both:  make monitor  
Restart and monitor: make dev
Restart servers:  make dev-start 
Stop servers:  make dev-stop 
sending SIGTERM to node (Brunch) at PID 5540; sending SIGTERM to python (Gunicorn) at PID 5517; 
Could not find conda environment: augur
You can list all discoverable environments with `conda info --envs`.

Could not find conda environment: augur
You can list all discoverable environments with `conda info --envs`.

Server     Description       Log                   Monitoring                   PID                        
------------------------------------------------------------------------------------------                 
Frontend   Brunch            logs/frontend.log     make monitor-backend         5628 
Backend    Augur/Gunicorn    logs/backend.log      make monitor-frontend        5605 

Monitor both:  make monitor  
Restart and monitor: make dev
Restart servers:  make dev-start 
Stop servers:  make dev-stop 

Could not find conda environment: augur
You can list all discoverable environments with `conda info --envs`.

Could not find conda environment: augur
You can list all discoverable environments with `conda info --envs`.

Server     Description       Log                   Monitoring                   PID                        
------------------------------------------------------------------------------------------                 
Frontend   Brunch            logs/frontend.log     make monitor-backend         32580 
Backend    Augur/Gunicorn    logs/backend.log      make monitor-frontend        32557 

Monitor both:  make monitor  
Restart and monitor: make dev
Restart servers:  make dev-start 
Stop servers:  make dev-stop 

Could not find conda environment: augur
You can list all discoverable environments with `conda info --envs`.

Could not find conda environment: augur
You can list all discoverable environments with `conda info --envs`.

Server     Description       Log                   Monitoring                   PID                        
------------------------------------------------------------------------------------------                 
Frontend   Brunch            logs/frontend.log     make monitor-backend         32716 
Backend    Augur/Gunicorn    logs/backend.log      make monitor-frontend        32693 

Monitor both:  make monitor  
Restart and monitor: make dev
Restart servers:  make dev-start 
Stop servers:  make dev-stop 

Could not find conda environment: augur
You can list all discoverable environments with `conda info --envs`.

Could not find conda environment: augur
You can list all discoverable environments with `conda info --envs`.

Server     Description       Log                   Monitoring                   PID                        
------------------------------------------------------------------------------------------                 
Frontend   Brunch            logs/frontend.log     make monitor-backend         2135 
Backend    Augur/Gunicorn    logs/backend.log      make monitor-frontend        2112 

Monitor both:  make monitor  
Restart and monitor: make dev
Restart servers:  make dev-start 
Stop servers:  make dev-stop 

Could not find conda environment: augur
You can list all discoverable environments with `conda info --envs`.

Could not find conda environment: augur
You can list all discoverable environments with `conda info --envs`.

Server     Description       Log                   Monitoring                   PID                        
------------------------------------------------------------------------------------------                 
Frontend   Brunch            logs/frontend.log     make monitor-backend         2270 
Backend    Augur/Gunicorn    logs/backend.log      make monitor-frontend        2247 

Monitor both:  make monitor  
Restart and monitor: make dev
Restart servers:  make dev-start 
Stop servers:  make dev-stop 
sending SIGTERM to node (Brunch) at PID 9805; bash: line 0: kill: (9805) - No such process
sending SIGTERM to python (Gunicorn) at PID 9782; bash: line 0: kill: (9782) - No such process

Could not find conda environment: augur
You can list all discoverable environments with `conda info --envs`.

Could not find conda environment: augur
You can list all discoverable environments with `conda info --envs`.

Server     Description       Log                   Monitoring                   PID                        
------------------------------------------------------------------------------------------                 
Frontend   Brunch            logs/frontend.log     make monitor-backend         9951 
Backend    Augur/Gunicorn    logs/backend.log      make monitor-frontend        9928 

Monitor both:  make monitor  
Restart and monitor: make dev
Restart servers:  make dev-start 
Stop servers:  make dev-stop 

Could not find conda environment: augur
You can list all discoverable environments with `conda info --envs`.

Could not find conda environment: augur
You can list all discoverable environments with `conda info --envs`.

Server     Description       Log                   Monitoring                   PID                        
------------------------------------------------------------------------------------------                 
Frontend   Brunch            logs/frontend.log     make monitor-backend         10046 
Backend    Augur/Gunicorn    logs/backend.log      make monitor-frontend        10023 

Monitor both:  make monitor  
Restart and monitor: make dev
Restart servers:  make dev-start 
Stop servers:  make dev-stop 
